<?xml version="1.0" encoding="UTF-8"?>
<coverage generated="1657705644741" clover="3.2.0">
  <project timestamp="1657705644741" name="All files">
    <metrics statements="32" coveredstatements="4" conditionals="6" coveredconditionals="0" methods="9" coveredmethods="0" elements="47" coveredelements="4" complexity="0" loc="32" ncloc="32" packages="1" files="2" classes="2"/>
    <file name="crud.js" path="D:\Dev\Microverse\solo-projects\to-do-list\src\modules\crud.js">
      <metrics statements="29" coveredstatements="4" conditionals="6" coveredconditionals="0" methods="8" coveredmethods="0"/>
      <line num="6" count="1" type="stmt"/>
      <line num="7" count="0" type="stmt"/>
      <line num="8" count="0" type="cond" truecount="0" falsecount="2"/>
      <line num="9" count="0" type="stmt"/>
      <line num="11" count="0" type="stmt"/>
      <line num="13" count="0" type="stmt"/>
      <line num="14" count="0" type="stmt"/>
      <line num="15" count="0" type="stmt"/>
      <line num="16" count="0" type="stmt"/>
      <line num="19" count="1" type="stmt"/>
      <line num="20" count="0" type="stmt"/>
      <line num="21" count="0" type="stmt"/>
      <line num="22" count="0" type="stmt"/>
      <line num="25" count="1" type="stmt"/>
      <line num="26" count="0" type="stmt"/>
      <line num="27" count="0" type="stmt"/>
      <line num="28" count="0" type="stmt"/>
      <line num="31" count="1" type="stmt"/>
      <line num="32" count="0" type="stmt"/>
      <line num="33" count="0" type="stmt"/>
      <line num="34" count="0" type="cond" truecount="0" falsecount="2"/>
      <line num="35" count="0" type="stmt"/>
      <line num="38" count="0" type="stmt"/>
      <line num="39" count="0" type="stmt"/>
      <line num="41" count="0" type="stmt"/>
      <line num="42" count="0" type="cond" truecount="0" falsecount="2"/>
      <line num="43" count="0" type="stmt"/>
      <line num="46" count="0" type="stmt"/>
      <line num="47" count="0" type="stmt"/>
    </file>
    <file name="task.js" path="D:\Dev\Microverse\solo-projects\to-do-list\src\modules\task.js">
      <metrics statements="3" coveredstatements="0" conditionals="0" coveredconditionals="0" methods="1" coveredmethods="0"/>
      <line num="3" count="0" type="stmt"/>
      <line num="4" count="0" type="stmt"/>
      <line num="5" count="0" type="stmt"/>
    </file>
  </project>
</coverage>
