{"D:\\Dev\\Microverse\\solo-projects\\to-do-list\\src\\modules\\crud.js": {"path":"D:\\Dev\\Microverse\\solo-projects\\to-do-list\\src\\modules\\crud.js","statementMap":{"0":{"start":{"line":6,"column":16},"end":{"line":17,"column":1}},"1":{"start":{"line":7,"column":22},"end":{"line":7,"column":63}},"2":{"start":{"line":8,"column":2},"end":{"line":12,"column":3}},"3":{"start":{"line":9,"column":4},"end":{"line":9,"column":18}},"4":{"start":{"line":11,"column":4},"end":{"line":11,"column":57}},"5":{"start":{"line":13,"column":18},"end":{"line":13,"column":63}},"6":{"start":{"line":14,"column":2},"end":{"line":14,"column":25}},"7":{"start":{"line":15,"column":2},"end":{"line":15,"column":58}},"8":{"start":{"line":16,"column":2},"end":{"line":16,"column":27}},"9":{"start":{"line":19,"column":17},"end":{"line":23,"column":1}},"10":{"start":{"line":20,"column":15},"end":{"line":20,"column":60}},"11":{"start":{"line":20,"column":39},"end":{"line":20,"column":59}},"12":{"start":{"line":21,"column":2},"end":{"line":21,"column":33}},"13":{"start":{"line":22,"column":2},"end":{"line":22,"column":58}},"14":{"start":{"line":25,"column":19},"end":{"line":29,"column":1}},"15":{"start":{"line":26,"column":15},"end":{"line":26,"column":60}},"16":{"start":{"line":26,"column":39},"end":{"line":26,"column":59}},"17":{"start":{"line":27,"column":2},"end":{"line":27,"column":29}},"18":{"start":{"line":28,"column":2},"end":{"line":28,"column":58}},"19":{"start":{"line":31,"column":19},"end":{"line":48,"column":1}},"20":{"start":{"line":32,"column":25},"end":{"line":32,"column":27}},"21":{"start":{"line":33,"column":2},"end":{"line":37,"column":5}},"22":{"start":{"line":34,"column":4},"end":{"line":36,"column":5}},"23":{"start":{"line":35,"column":6},"end":{"line":35,"column":32}},"24":{"start":{"line":38,"column":2},"end":{"line":40,"column":3}},"25":{"start":{"line":38,"column":15},"end":{"line":38,"column":16}},"26":{"start":{"line":39,"column":4},"end":{"line":39,"column":32}},"27":{"start":{"line":41,"column":2},"end":{"line":45,"column":5}},"28":{"start":{"line":42,"column":4},"end":{"line":44,"column":5}},"29":{"start":{"line":43,"column":6},"end":{"line":43,"column":18}},"30":{"start":{"line":46,"column":2},"end":{"line":46,"column":58}},"31":{"start":{"line":47,"column":2},"end":{"line":47,"column":27}}},"fnMap":{"0":{"name":"(anonymous_0)","decl":{"start":{"line":6,"column":16},"end":{"line":6,"column":17}},"loc":{"start":{"line":6,"column":43},"end":{"line":17,"column":1}},"line":6},"1":{"name":"(anonymous_1)","decl":{"start":{"line":19,"column":17},"end":{"line":19,"column":18}},"loc":{"start":{"line":19,"column":51},"end":{"line":23,"column":1}},"line":19},"2":{"name":"(anonymous_2)","decl":{"start":{"line":20,"column":29},"end":{"line":20,"column":30}},"loc":{"start":{"line":20,"column":39},"end":{"line":20,"column":59}},"line":20},"3":{"name":"(anonymous_3)","decl":{"start":{"line":25,"column":19},"end":{"line":25,"column":20}},"loc":{"start":{"line":25,"column":51},"end":{"line":29,"column":1}},"line":25},"4":{"name":"(anonymous_4)","decl":{"start":{"line":26,"column":29},"end":{"line":26,"column":30}},"loc":{"start":{"line":26,"column":39},"end":{"line":26,"column":59}},"line":26},"5":{"name":"(anonymous_5)","decl":{"start":{"line":31,"column":19},"end":{"line":31,"column":20}},"loc":{"start":{"line":31,"column":33},"end":{"line":48,"column":1}},"line":31},"6":{"name":"(anonymous_6)","decl":{"start":{"line":33,"column":19},"end":{"line":33,"column":20}},"loc":{"start":{"line":33,"column":29},"end":{"line":37,"column":3}},"line":33},"7":{"name":"(anonymous_7)","decl":{"start":{"line":41,"column":29},"end":{"line":41,"column":30}},"loc":{"start":{"line":41,"column":39},"end":{"line":45,"column":3}},"line":41}},"branchMap":{"0":{"loc":{"start":{"line":8,"column":2},"end":{"line":12,"column":3}},"type":"if","locations":[{"start":{"line":8,"column":2},"end":{"line":12,"column":3}},{"start":{"line":10,"column":9},"end":{"line":12,"column":3}}],"line":8},"1":{"loc":{"start":{"line":34,"column":4},"end":{"line":36,"column":5}},"type":"if","locations":[{"start":{"line":34,"column":4},"end":{"line":36,"column":5}},{"start":{},"end":{}}],"line":34},"2":{"loc":{"start":{"line":42,"column":4},"end":{"line":44,"column":5}},"type":"if","locations":[{"start":{"line":42,"column":4},"end":{"line":44,"column":5}},{"start":{},"end":{}}],"line":42}},"s":{"0":1,"1":0,"2":0,"3":0,"4":0,"5":0,"6":0,"7":0,"8":0,"9":1,"10":0,"11":0,"12":0,"13":0,"14":1,"15":0,"16":0,"17":0,"18":0,"19":1,"20":0,"21":0,"22":0,"23":0,"24":0,"25":0,"26":0,"27":0,"28":0,"29":0,"30":0,"31":0},"f":{"0":0,"1":0,"2":0,"3":0,"4":0,"5":0,"6":0,"7":0},"b":{"0":[0,0],"1":[0,0],"2":[0,0]},"_coverageSchema":"1a1c01bbd47fc00a2c39e90264f33305004495a9","hash":"e380606f78ef92aff3ce038a817f956f600d9753"}
,"D:\\Dev\\Microverse\\solo-projects\\to-do-list\\src\\modules\\task.js": {"path":"D:\\Dev\\Microverse\\solo-projects\\to-do-list\\src\\modules\\task.js","statementMap":{"0":{"start":{"line":3,"column":4},"end":{"line":3,"column":27}},"1":{"start":{"line":4,"column":4},"end":{"line":4,"column":31}},"2":{"start":{"line":5,"column":4},"end":{"line":5,"column":35}}},"fnMap":{"0":{"name":"(anonymous_0)","decl":{"start":{"line":2,"column":2},"end":{"line":2,"column":3}},"loc":{"start":{"line":2,"column":45},"end":{"line":6,"column":3}},"line":2}},"branchMap":{},"s":{"0":0,"1":0,"2":0},"f":{"0":0},"b":{},"_coverageSchema":"1a1c01bbd47fc00a2c39e90264f33305004495a9","hash":"75331ec10a202c98451f960434e0aac6ef827038"}
}
